<?xml version="1.0" encoding="UTF-8"?>
<!-- Generated by org.testng.reporters.JUnitXMLReporter -->
<testsuite ignored="0" hostname="Suhails-MacDoo.local" failures="0" tests="2" name="java-test" time="910.544" errors="0" timestamp="2022-05-05T20:35:58 IST">
  <testcase classname="test.BaseTest" name="@BeforeTest setupDriver" time="910.447">
    <failure type="org.openqa.selenium.SessionNotCreatedException" message="Could not start a new session. Timed out creating session
Build info: version: &amp;apos;4.1.4&amp;apos;, revision: &amp;apos;535d840ee2&amp;apos;
System info: host: &amp;apos;ebc5a9acef21&amp;apos;, ip: &amp;apos;172.20.0.2&amp;apos;, os.name: &amp;apos;Linux&amp;apos;, os.arch: &amp;apos;amd64&amp;apos;, os.version: &amp;apos;5.10.104-linuxkit&amp;apos;, java.version: &amp;apos;11.0.15&amp;apos;
Driver info: driver.version: unknown
Build info: version: &amp;apos;3.141.59&amp;apos;, revision: &amp;apos;e82be7d358&amp;apos;, time: &amp;apos;2018-11-14T08:17:03&amp;apos;
System info: host: &amp;apos;Suhails-MacDoo.local&amp;apos;, ip: &amp;apos;fe80:0:0:0:1c8b:756d:180f:a7df%en0&amp;apos;, os.name: &amp;apos;Mac OS X&amp;apos;, os.arch: &amp;apos;x86_64&amp;apos;, os.version: &amp;apos;12.3.1&amp;apos;, java.version: &amp;apos;17.0.2&amp;apos;
Driver info: driver.version: RemoteWebDriver
remote stacktrace: [{fileName=LocalNewSessionQueue.java, moduleVersion=null, moduleName=null, nativeMethod=false, methodName=failDueToTimeout, className=org.openqa.selenium.grid.sessionqueue.local.LocalNewSessionQueue, lineNumber=411, classLoaderName=app}, {fileName=Iterable.java, moduleVersion=11.0.15, moduleName=java.base, nativeMethod=false, methodName=forEach, className=java.lang.Iterable, lineNumber=75, classLoaderName=null}, {fileName=LocalNewSessionQueue.java, moduleVersion=null, moduleName=null, nativeMethod=false, methodName=timeoutSessions, className=org.openqa.selenium.grid.sessionqueue.local.LocalNewSessionQueue, lineNumber=168, classLoaderName=app}, {fileName=GuardedRunnable.java, moduleVersion=null, moduleName=null, nativeMethod=false, methodName=lambda$guard$0, className=org.openqa.selenium.concurrent.GuardedRunnable, lineNumber=36, classLoaderName=app}, {fileName=Executors.java, moduleVersion=11.0.15, moduleName=java.base, nativeMethod=false, methodName=call, className=java.util.concurrent.Executors$RunnableAdapter, lineNumber=515, classLoaderName=null}, {fileName=FutureTask.java, moduleVersion=11.0.15, moduleName=java.base, nativeMethod=false, methodName=runAndReset, className=java.util.concurrent.FutureTask, lineNumber=305, classLoaderName=null}, {fileName=ScheduledThreadPoolExecutor.java, moduleVersion=11.0.15, moduleName=java.base, nativeMethod=false, methodName=run, className=java.util.concurrent.ScheduledThreadPoolExecutor$ScheduledFutureTask, lineNumber=305, classLoaderName=null}, {fileName=ThreadPoolExecutor.java, moduleVersion=11.0.15, moduleName=java.base, nativeMethod=false, methodName=runWorker, className=java.util.concurrent.ThreadPoolExecutor, lineNumber=1128, classLoaderName=null}, {fileName=ThreadPoolExecutor.java, moduleVersion=11.0.15, moduleName=java.base, nativeMethod=false, methodName=run, className=java.util.concurrent.ThreadPoolExecutor$Worker, lineNumber=628, classLoaderName=null}, {fileName=Thread.java, moduleVersion=11.0.15, moduleName=java.base, nativeMethod=false, methodName=run, className=java.lang.Thread, lineNumber=829, classLoaderName=null}]">
      <![CDATA[org.openqa.selenium.SessionNotCreatedException: Could not start a new session. Timed out creating session
Build info: version: '4.1.4', revision: '535d840ee2'
System info: host: 'ebc5a9acef21', ip: '172.20.0.2', os.name: 'Linux', os.arch: 'amd64', os.version: '5.10.104-linuxkit', java.version: '11.0.15'
Driver info: driver.version: unknown
Build info: version: '3.141.59', revision: 'e82be7d358', time: '2018-11-14T08:17:03'
System info: host: 'Suhails-MacDoo.local', ip: 'fe80:0:0:0:1c8b:756d:180f:a7df%en0', os.name: 'Mac OS X', os.arch: 'x86_64', os.version: '12.3.1', java.version: '17.0.2'
Driver info: driver.version: RemoteWebDriver
remote stacktrace: [{fileName=LocalNewSessionQueue.java, moduleVersion=null, moduleName=null, nativeMethod=false, methodName=failDueToTimeout, className=org.openqa.selenium.grid.sessionqueue.local.LocalNewSessionQueue, lineNumber=411, classLoaderName=app}, {fileName=Iterable.java, moduleVersion=11.0.15, moduleName=java.base, nativeMethod=false, methodName=forEach, className=java.lang.Iterable, lineNumber=75, classLoaderName=null}, {fileName=LocalNewSessionQueue.java, moduleVersion=null, moduleName=null, nativeMethod=false, methodName=timeoutSessions, className=org.openqa.selenium.grid.sessionqueue.local.LocalNewSessionQueue, lineNumber=168, classLoaderName=app}, {fileName=GuardedRunnable.java, moduleVersion=null, moduleName=null, nativeMethod=false, methodName=lambda$guard$0, className=org.openqa.selenium.concurrent.GuardedRunnable, lineNumber=36, classLoaderName=app}, {fileName=Executors.java, moduleVersion=11.0.15, moduleName=java.base, nativeMethod=false, methodName=call, className=java.util.concurrent.Executors$RunnableAdapter, lineNumber=515, classLoaderName=null}, {fileName=FutureTask.java, moduleVersion=11.0.15, moduleName=java.base, nativeMethod=false, methodName=runAndReset, className=java.util.concurrent.FutureTask, lineNumber=305, classLoaderName=null}, {fileName=ScheduledThreadPoolExecutor.java, moduleVersion=11.0.15, moduleName=java.base, nativeMethod=false, methodName=run, className=java.util.concurrent.ScheduledThreadPoolExecutor$ScheduledFutureTask, lineNumber=305, classLoaderName=null}, {fileName=ThreadPoolExecutor.java, moduleVersion=11.0.15, moduleName=java.base, nativeMethod=false, methodName=runWorker, className=java.util.concurrent.ThreadPoolExecutor, lineNumber=1128, classLoaderName=null}, {fileName=ThreadPoolExecutor.java, moduleVersion=11.0.15, moduleName=java.base, nativeMethod=false, methodName=run, className=java.util.concurrent.ThreadPoolExecutor$Worker, lineNumber=628, classLoaderName=null}, {fileName=Thread.java, moduleVersion=11.0.15, moduleName=java.base, nativeMethod=false, methodName=run, className=java.lang.Thread, lineNumber=829, classLoaderName=null}]
at org.openqa.selenium.remote.W3CHandshakeResponse.lambda$errorHandler$0(W3CHandshakeResponse.java:62)
at org.openqa.selenium.remote.HandshakeResponse.lambda$getResponseFunction$0(HandshakeResponse.java:30)
at org.openqa.selenium.remote.ProtocolHandshake.lambda$createSession$0(ProtocolHandshake.java:126)
at java.base/java.util.stream.ReferencePipeline$3$1.accept(ReferencePipeline.java:197)
at java.base/java.util.Spliterators$ArraySpliterator.tryAdvance(Spliterators.java:1002)
at java.base/java.util.stream.ReferencePipeline.forEachWithCancel(ReferencePipeline.java:129)
at java.base/java.util.stream.AbstractPipeline.copyIntoWithCancel(AbstractPipeline.java:527)
at java.base/java.util.stream.AbstractPipeline.copyInto(AbstractPipeline.java:513)
at java.base/java.util.stream.AbstractPipeline.wrapAndCopyInto(AbstractPipeline.java:499)
at java.base/java.util.stream.FindOps$FindOp.evaluateSequential(FindOps.java:150)
at java.base/java.util.stream.AbstractPipeline.evaluate(AbstractPipeline.java:234)
at java.base/java.util.stream.ReferencePipeline.findFirst(ReferencePipeline.java:647)
at org.openqa.selenium.remote.ProtocolHandshake.createSession(ProtocolHandshake.java:128)
at org.openqa.selenium.remote.ProtocolHandshake.createSession(ProtocolHandshake.java:74)
at org.openqa.selenium.remote.HttpCommandExecutor.execute(HttpCommandExecutor.java:136)
at org.openqa.selenium.remote.RemoteWebDriver.execute(RemoteWebDriver.java:552)
at org.openqa.selenium.remote.RemoteWebDriver.startSession(RemoteWebDriver.java:213)
at org.openqa.selenium.remote.RemoteWebDriver.<init>(RemoteWebDriver.java:131)
at org.openqa.selenium.remote.RemoteWebDriver.<init>(RemoteWebDriver.java:144)
at test.BaseTest.setupDriver(BaseTest.java:35)
... Removed 29 stack frames]]>
    </failure>
  </testcase> <!-- @BeforeTest setupDriver -->
  <testcase classname="test.BaseTest" name="@AfterTest tearDown" time="-1.651763158181E9">
    <skipped/>
  </testcase> <!-- @AfterTest tearDown -->
  <testcase classname="com.searchmodule.tests.SearchTest" name="goToSearchPage" time="0.0">
    <skipped/>
  </testcase> <!-- goToSearchPage -->
  <testcase classname="com.searchmodule.tests.SearchTest" name="search" time="0.0">
    <skipped/>
  </testcase> <!-- search -->
</testsuite> <!-- java-test -->
