<!DOCTYPE html PUBLIC "-//W3C//DTD XHTML 1.1//EN" "https://www.w3.org/TR/xhtml11/DTD/xhtml11.dtd">
<html xmlns="https://www.w3.org/1999/xhtml">
<head>
<meta http-equiv="content-type" content="text/html; charset=UTF-8"/>
<title>TestNG Report</title>
<style type="text/css">table {margin-bottom:10px;border-collapse:collapse;empty-cells:show}th,td {border:1px solid #009;padding:.25em .5em}th {vertical-align:bottom}td {vertical-align:top}table a {font-weight:bold}.stripe td {background-color: #E6EBF9}.num {text-align:right}.passedodd td {background-color: #3F3}.passedeven td {background-color: #0A0}.skippedodd td {background-color: #DDD}.skippedeven td {background-color: #CCC}.failedodd td,.attn {background-color: #F33}.failedeven td,.stripe .attn {background-color: #D00}.stacktrace {white-space:pre;font-family:monospace}.totop {font-size:85%;text-align:center;border-bottom:2px solid #000}.invisible {display:none}</style>
</head>
<body>
<table>
<tr><th>Test</th><th># Passed</th><th># Skipped</th><th># Retried</th><th># Failed</th><th>Time (ms)</th><th>Included Groups</th><th>Excluded Groups</th></tr>
<tr><th colspan="8">search-module</th></tr>
<tr><td><a href="#t0">java-test</a></td><td class="num">2</td><td class="num">0</td><td class="num">0</td><td class="num">0</td><td class="num">63,196</td><td></td><td></td></tr>
<tr class="stripe"><td><a href="#t1">qa-test</a></td><td class="num">2</td><td class="num">0</td><td class="num">0</td><td class="num">0</td><td class="num">49,335</td><td></td><td></td></tr>
<tr><td><a href="#t2">selenium-test</a></td><td class="num">1</td><td class="num">0</td><td class="num">0</td><td class="num attn">1</td><td class="num">577,595</td><td></td><td></td></tr>
<tr><th>Total</th><th class="num">5</th><th class="num">0</th><th class="num">0</th><th class="num attn">1</th><th class="num">690,126</th><th colspan="2"></th></tr>
</table>
<table id='summary'><thead><tr><th>Class</th><th>Method</th><th>Start</th><th>Time (ms)</th></tr></thead><tbody><tr><th colspan="4">search-module</th></tr></tbody><tbody id="t0"><tr><th colspan="4">java-test &#8212; passed</th></tr><tr class="passedeven"><td rowspan="2">com.searchmodule.tests.SearchTest</td><td><a href="#m0">goToSearchPage</a></td><td rowspan="1">1651822315806</td><td rowspan="1">10246</td></tr><tr class="passedeven"><td><a href="#m1">search</a></td><td rowspan="1">1651822326071</td><td rowspan="1">15857</td></tr></tbody>
<tbody id="t1"><tr><th colspan="4">qa-test &#8212; passed</th></tr><tr class="passedeven"><td rowspan="2">com.searchmodule.tests.SearchTest</td><td><a href="#m2">goToSearchPage</a></td><td rowspan="1">1651822369121</td><td rowspan="1">7361</td></tr><tr class="passedeven"><td><a href="#m3">search</a></td><td rowspan="1">1651822376490</td><td rowspan="1">16197</td></tr></tbody>
<tbody id="t2"><tr><th colspan="4">selenium-test &#8212; failed</th></tr><tr class="failedeven"><td rowspan="1">com.searchmodule.tests.SearchTest</td><td><a href="#m4">search</a></td><td rowspan="1">1651822424664</td><td rowspan="1">545470</td></tr><tr><th colspan="4">selenium-test &#8212; passed</th></tr><tr class="passedeven"><td rowspan="1">com.searchmodule.tests.SearchTest</td><td><a href="#m5">goToSearchPage</a></td><td rowspan="1">1651822417290</td><td rowspan="1">7357</td></tr></tbody>
</table>
<h2>java-test</h2><h3 id="m0">com.searchmodule.tests.SearchTest#goToSearchPage</h3><table class="result"><tr><th class="invisible"/></tr></table><p class="totop"><a href="#summary">back to summary</a></p>
<h3 id="m1">com.searchmodule.tests.SearchTest#search</h3><table class="result"><tr class="param"><th>Parameter #1</th></tr><tr class="param stripe"><td>java</td></tr></table><p class="totop"><a href="#summary">back to summary</a></p>
<h2>qa-test</h2><h3 id="m2">com.searchmodule.tests.SearchTest#goToSearchPage</h3><table class="result"><tr><th class="invisible"/></tr></table><p class="totop"><a href="#summary">back to summary</a></p>
<h3 id="m3">com.searchmodule.tests.SearchTest#search</h3><table class="result"><tr class="param"><th>Parameter #1</th></tr><tr class="param stripe"><td>qa</td></tr></table><p class="totop"><a href="#summary">back to summary</a></p>
<h2>selenium-test</h2><h3 id="m4">com.searchmodule.tests.SearchTest#search</h3><table class="result"><tr class="param"><th>Parameter #1</th></tr><tr class="param stripe"><td>selenium</td></tr><tr><th>Exception</th></tr><tr><td><div class="stacktrace">org.openqa.selenium.TimeoutException: Expected condition failed: waiting for visibility of Proxy element for: DefaultElementLocator &apos;By.xpath: //a[text()=&apos;Videos&apos;]&apos; (tried for 30 second(s) with 500 milliseconds interval)
	at org.openqa.selenium.support.ui.WebDriverWait.timeoutException(WebDriverWait.java:87)
	at org.openqa.selenium.support.ui.FluentWait.until(FluentWait.java:231)
	at com.searchmodule.pages.SearchPage.goToVideos(SearchPage.java:48)
	at com.searchmodule.tests.SearchTest.search(SearchTest.java:19)
	at java.base/java.util.ArrayList.forEach(ArrayList.java:1511)
Caused by: org.openqa.selenium.NoSuchElementException: Unable to locate element: //a[text()=&apos;Videos&apos;]
For documentation on this error, please visit: https://selenium.dev/exceptions/#no_such_element
Build info: version: &apos;4.1.4&apos;, revision: &apos;535d840ee2&apos;
System info: host: &apos;Suhails-MacDoo.local&apos;, ip: &apos;fe80:0:0:0:1c8b:756d:180f:a7df%en0&apos;, os.name: &apos;Mac OS X&apos;, os.arch: &apos;x86_64&apos;, os.version: &apos;12.3.1&apos;, java.version: &apos;17.0.2&apos;
Driver info: org.openqa.selenium.remote.RemoteWebDriver
Command: [628468e2-3713-4327-bdc8-8d7ca3f4a0c0, findElement {using=xpath, value=//a[text()=&apos;Videos&apos;]}]
Capabilities {acceptInsecureCerts: true, browserName: firefox, browserVersion: 99.0.1, javascriptEnabled: true, moz:accessibilityChecks: false, moz:buildID: 20220411174855, moz:debuggerAddress: localhost:38533, moz:firefoxOptions: {}, moz:geckodriverVersion: 0.31.0, moz:headless: false, moz:processID: 741, moz:profile: /tmp/rust_mozprofileFpCqhv, moz:shutdownTimeout: 60000, moz:useNonSpecCompliantPointerOrigin: false, moz:webdriverClick: true, pageLoadStrategy: normal, platform: LINUX, platformName: LINUX, platformVersion: 5.10.104-linuxkit, proxy: Proxy(), se:cdp: ws://172.23.0.4:4444/sessio..., se:cdpVersion: 85.0, se:noVncPort: 7900, se:vnc: ws://172.23.0.4:4444/sessio..., se:vncEnabled: true, se:vncLocalAddress: ws://172.23.0.4:7900, setWindowRect: true, strictFileInteractability: false, timeouts: {implicit: 0, pageLoad: 300000, script: 30000}, unhandledPromptBehavior: dismiss and notify}
Session ID: 628468e2-3713-4327-bdc8-8d7ca3f4a0c0
	at org.openqa.selenium.remote.codec.w3c.W3CHttpResponseCodec.createException(W3CHttpResponseCodec.java:200)
	at org.openqa.selenium.remote.codec.w3c.W3CHttpResponseCodec.decode(W3CHttpResponseCodec.java:133)
	at org.openqa.selenium.remote.codec.w3c.W3CHttpResponseCodec.decode(W3CHttpResponseCodec.java:53)
	at org.openqa.selenium.remote.HttpCommandExecutor.execute(HttpCommandExecutor.java:184)
	at org.openqa.selenium.remote.TracedCommandExecutor.execute(TracedCommandExecutor.java:51)
	at org.openqa.selenium.remote.RemoteWebDriver.execute(RemoteWebDriver.java:567)
	at org.openqa.selenium.remote.ElementLocation$ElementFinder$2.findElement(ElementLocation.java:162)
	at org.openqa.selenium.remote.ElementLocation.findElement(ElementLocation.java:60)
	at org.openqa.selenium.remote.RemoteWebDriver.findElement(RemoteWebDriver.java:385)
	at org.openqa.selenium.remote.RemoteWebDriver.findElement(RemoteWebDriver.java:377)
	at org.openqa.selenium.support.pagefactory.DefaultElementLocator.findElement(DefaultElementLocator.java:70)
	at org.openqa.selenium.support.pagefactory.internal.LocatingElementHandler.invoke(LocatingElementHandler.java:39)
	at jdk.proxy2/jdk.proxy2.$Proxy17.isDisplayed(Unknown Source)
	at org.openqa.selenium.support.ui.ExpectedConditions.elementIfVisible(ExpectedConditions.java:307)
	at org.openqa.selenium.support.ui.ExpectedConditions.access$000(ExpectedConditions.java:40)
	at org.openqa.selenium.support.ui.ExpectedConditions$10.apply(ExpectedConditions.java:293)
	at org.openqa.selenium.support.ui.ExpectedConditions$10.apply(ExpectedConditions.java:290)
	at org.openqa.selenium.support.ui.FluentWait.until(FluentWait.java:208)
	... 30 more
... Removed 31 stack frames</div></td></tr></table><p class="totop"><a href="#summary">back to summary</a></p>
<h3 id="m5">com.searchmodule.tests.SearchTest#goToSearchPage</h3><table class="result"><tr><th class="invisible"/></tr></table><p class="totop"><a href="#summary">back to summary</a></p>
</body>
</html>
